This file contains any messages produced by compilers while
running configure, to aid debugging if configure makes a mistake.

It was created by libcf configure 1.0-alpha5, which was
generated by GNU Autoconf 2.68.  Invocation command line was

  $ ./configure --disable-option-checking --prefix=/usr/local --disable-f77 --disable-f90 --target=x86_64-apple-darwin -build=x86_64-apple-darwin --host=x86_64-apple-darwin --with-hdf5=/Users/jearly/Documents/Projects/Single_Layer_PV_Modeling/GLNumericalModelingKit/GLNumericalModelingKit/ExternalLibraries/hdf5-1.8.6-macosx64-static --with-zlib=/Users/jearly/Documents/Projects/Single_Layer_PV_Modeling/GLNumericalModelingKit/GLNumericalModelingKit/ExternalLibraries/hdf5-1.8.6-macosx64-static --with-szlib=/Users/jearly/Documents/Projects/Single_Layer_PV_Modeling/GLNumericalModelingKit/GLNumericalModelingKit/ExternalLibraries/hdf5-1.8.6-macosx64-static --enable-shared build_alias=x86_64-apple-darwin host_alias=x86_64-apple-darwin target_alias=x86_64-apple-darwin CC=gcc CFLAGS=-g -m64 LDFLAGS=-L/Users/jearly/Documents/Projects/Single_Layer_PV_Modeling/GLNumericalModelingKit/GLNumericalModelingKit/ExternalLibraries/hdf5-1.8.6-macosx64-static/lib LIBS=-lsz CXXFLAGS=-g -m64 --cache-file=/dev/null --srcdir=.

## --------- ##
## Platform. ##
## --------- ##

hostname = cartan.nwra.com
uname -m = i386
uname -r = 10.6.0
uname -s = Darwin
uname -v = Darwin Kernel Version 10.6.0: Wed Nov 10 18:13:17 PST 2010; root:xnu-1504.9.26~3/RELEASE_I386

/usr/bin/uname -p = i386
/bin/uname -X     = unknown

/bin/arch              = unknown
/usr/bin/arch -k       = unknown
/usr/convex/getsysinfo = unknown
/usr/bin/hostinfo      = Mach kernel version:
	 Darwin Kernel Version 10.6.0: Wed Nov 10 18:13:17 PST 2010; root:xnu-1504.9.26~3/RELEASE_I386
Kernel configured for up to 8 processors.
4 processors are physically available.
8 processors are logically available.
Processor type: i486 (Intel 80486)
Processors active: 0 1 2 3 4 5 6 7
Primary memory available: 16.00 gigabytes
Default processor set: 84 tasks, 438 threads, 8 processors
Load average: 2.07, Mach factor: 5.92
/bin/machine           = unknown
/usr/bin/oslevel       = unknown
/bin/universe          = unknown

PATH: /usr/bin
PATH: /bin
PATH: /usr/sbin
PATH: /sbin
PATH: /usr/local/bin
PATH: /usr/texbin
PATH: /usr/X11/bin


## ----------- ##
## Core tests. ##
## ----------- ##

configure:2741: libcf 1.0-alpha5
configure:2778: checking build system type
configure:2792: result: x86_64-apple-darwin
configure:2812: checking host system type
configure:2825: result: x86_64-apple-darwin
configure:2870: checking for a BSD-compatible install
configure:2938: result: /usr/bin/install -c
configure:2949: checking whether build environment is sane
configure:2999: result: yes
configure:3140: checking for a thread-safe mkdir -p
configure:3179: result: ./install-sh -c -d
configure:3192: checking for gawk
configure:3222: result: no
configure:3192: checking for mawk
configure:3222: result: no
configure:3192: checking for nawk
configure:3222: result: no
configure:3192: checking for awk
configure:3208: found /usr/bin/awk
configure:3219: result: awk
configure:3230: checking whether make sets $(MAKE)
configure:3252: result: yes
configure:3336: checking user options
configure:3380: checking whether FC is set to ''
configure:3384: result: no
configure:3388: checking whether documentation is to be built
configure:3396: result: no
configure:3408: checking whether gridspec tools are to be built
configure:3416: result: no
configure:3428: checking whether gridspec test data should be fetched from Unidata FTP site
configure:3436: result: no
configure:3448: checking whether cfcheck is to be built
configure:3456: result: yes
configure:3468: checking whether logging is enabled (useful to CF developers, mainly
configure:3476: result: no
configure:3485: checking whether netCDF-4 is to be used
configure:3499: result: yes
configure:3523: checking whether extra tests on sample data should be performed
configure:3531: result: no
configure:3543: checking whether a location for the HDF5 library was specified
configure:3551: result: /Users/jearly/Documents/Projects/Single_Layer_PV_Modeling/GLNumericalModelingKit/GLNumericalModelingKit/ExternalLibraries/hdf5-1.8.6-macosx64-static
configure:3568: checking whether a location for the HDF4 library was specified
configure:3576: result: 
configure:3598: checking whether a location for the ZLIB library was specified
configure:3606: result: /Users/jearly/Documents/Projects/Single_Layer_PV_Modeling/GLNumericalModelingKit/GLNumericalModelingKit/ExternalLibraries/hdf5-1.8.6-macosx64-static
configure:3612: checking whether a location for the SZLIB library was specified
configure:3620: result: /Users/jearly/Documents/Projects/Single_Layer_PV_Modeling/GLNumericalModelingKit/GLNumericalModelingKit/ExternalLibraries/hdf5-1.8.6-macosx64-static
configure:3644: checking whether Fortran 90 API is desired
configure:3653: result: no
configure:3665: checking whether a location for the netCDF library was specified
configure:3675: result: no
configure:3702: finding C compiler
configure:3714: checking for x86_64-apple-darwin-mpcc_r
configure:3741: result: gcc
configure:3816: checking for C compiler version
configure:3825: gcc --version >&5
i686-apple-darwin10-gcc-4.2.1 (GCC) 4.2.1 (Apple Inc. build 5666) (dot 3)
Copyright (C) 2007 Free Software Foundation, Inc.
This is free software; see the source for copying conditions.  There is NO
warranty; not even for MERCHANTABILITY or FITNESS FOR A PARTICULAR PURPOSE.

configure:3836: $? = 0
configure:3825: gcc -v >&5
Using built-in specs.
Target: i686-apple-darwin10
Configured with: /var/tmp/gcc/gcc-5666.3~123/src/configure --disable-checking --enable-werror --prefix=/usr --mandir=/share/man --enable-languages=c,objc,c++,obj-c++ --program-transform-name=/^[cg][^.-]*$/s/$/-4.2/ --with-slibdir=/usr/lib --build=i686-apple-darwin10 --program-prefix=i686-apple-darwin10- --host=x86_64-apple-darwin10 --target=i686-apple-darwin10 --with-gxx-include-dir=/include/c++/4.2.1
Thread model: posix
gcc version 4.2.1 (Apple Inc. build 5666) (dot 3)
configure:3836: $? = 0
configure:3825: gcc -V >&5
gcc-4.2: argument to `-V' is missing
configure:3836: $? = 1
configure:3825: gcc -qversion >&5
i686-apple-darwin10-gcc-4.2.1: no input files
configure:3836: $? = 1
configure:3856: checking whether the C compiler works
configure:3878: gcc -g -m64  -L/Users/jearly/Documents/Projects/Single_Layer_PV_Modeling/GLNumericalModelingKit/GLNumericalModelingKit/ExternalLibraries/hdf5-1.8.6-macosx64-static/lib -L/Users/jearly/Documents/Projects/Single_Layer_PV_Modeling/GLNumericalModelingKit/GLNumericalModelingKit/ExternalLibraries/hdf5-1.8.6-macosx64-static/lib conftest.c -lsz >&5
configure:3882: $? = 0
configure:3930: result: yes
configure:3933: checking for C compiler default output file name
configure:3935: result: a.out
configure:3941: checking for suffix of executables
configure:3948: gcc -o conftest -g -m64  -L/Users/jearly/Documents/Projects/Single_Layer_PV_Modeling/GLNumericalModelingKit/GLNumericalModelingKit/ExternalLibraries/hdf5-1.8.6-macosx64-static/lib -L/Users/jearly/Documents/Projects/Single_Layer_PV_Modeling/GLNumericalModelingKit/GLNumericalModelingKit/ExternalLibraries/hdf5-1.8.6-macosx64-static/lib conftest.c -lsz >&5
configure:3952: $? = 0
configure:3974: result: 
configure:3996: checking whether we are cross compiling
configure:4004: gcc -o conftest -g -m64  -L/Users/jearly/Documents/Projects/Single_Layer_PV_Modeling/GLNumericalModelingKit/GLNumericalModelingKit/ExternalLibraries/hdf5-1.8.6-macosx64-static/lib -L/Users/jearly/Documents/Projects/Single_Layer_PV_Modeling/GLNumericalModelingKit/GLNumericalModelingKit/ExternalLibraries/hdf5-1.8.6-macosx64-static/lib conftest.c -lsz >&5
configure:4008: $? = 0
configure:4015: ./conftest
configure:4019: $? = 0
configure:4034: result: no
configure:4039: checking for suffix of object files
configure:4061: gcc -c -g -m64  conftest.c >&5
configure:4065: $? = 0
configure:4086: result: o
configure:4090: checking whether we are using the GNU C compiler
configure:4109: gcc -c -g -m64  conftest.c >&5
configure:4109: $? = 0
configure:4118: result: yes
configure:4127: checking whether gcc accepts -g
configure:4147: gcc -c -g  conftest.c >&5
configure:4147: $? = 0
configure:4188: result: yes
configure:4205: checking for gcc option to accept ISO C89
configure:4269: gcc  -c -g -m64  conftest.c >&5
configure:4269: $? = 0
configure:4282: result: none needed
configure:4313: checking for style of include used by make
configure:4341: result: GNU
configure:4366: checking dependency style of gcc
configure:4476: result: gcc3
configure:4492: checking whether gcc and cc understand -c and -o together
configure:4523: gcc -c conftest.c -o conftest2.o >&5
configure:4527: $? = 0
configure:4533: gcc -c conftest.c -o conftest2.o >&5
configure:4537: $? = 0
configure:4548: cc -c conftest.c >&5
configure:4552: $? = 0
configure:4560: cc -c conftest.c -o conftest2.o >&5
configure:4564: $? = 0
configure:4570: cc -c conftest.c -o conftest2.o >&5
configure:4574: $? = 0
configure:4592: result: yes
configure:4621: finding Fortran compiler (required, even if Fortran API is not desired)
configure:4857: checking for x86_64-apple-darwin-xlf90
configure:4887: result: no
configure:4857: checking for x86_64-apple-darwin-fort
configure:4887: result: no
configure:4857: checking for x86_64-apple-darwin-xlf95
configure:4887: result: no
configure:4857: checking for x86_64-apple-darwin-ifort
configure:4887: result: no
configure:4857: checking for x86_64-apple-darwin-ifc
configure:4887: result: no
configure:4857: checking for x86_64-apple-darwin-efc
configure:4887: result: no
configure:4857: checking for x86_64-apple-darwin-pgf95
configure:4887: result: no
configure:4857: checking for x86_64-apple-darwin-lf95
configure:4887: result: no
configure:4857: checking for x86_64-apple-darwin-g95
configure:4887: result: no
configure:4857: checking for x86_64-apple-darwin-gfortran
configure:4873: found /usr/local/bin/x86_64-apple-darwin-gfortran
configure:4884: result: x86_64-apple-darwin-gfortran
configure:4954: checking for Fortran compiler version
configure:4963: x86_64-apple-darwin-gfortran --version >&5
GNU Fortran (GCC) 4.3.4
Copyright (C) 2008 Free Software Foundation, Inc.

GNU Fortran comes with NO WARRANTY, to the extent permitted by law.
You may redistribute copies of GNU Fortran
under the terms of the GNU General Public License.
For more information about these matters, see the file named COPYING

configure:4974: $? = 0
configure:4963: x86_64-apple-darwin-gfortran -v >&5
Using built-in specs.
Target: x86_64-apple-darwin
Configured with: ../gcc_4_3_4_release/configure --enable-languages=c,fortran --target=x86_64-apple-darwin -build=x86_64-apple-darwin --host=x86_64-apple-darwin
Thread model: posix
gcc version 4.3.4 (GCC) 
configure:4974: $? = 0
configure:4963: x86_64-apple-darwin-gfortran -V >&5
x86_64-apple-darwin-gfortran: '-V' option must have argument
configure:4974: $? = 1
configure:4963: x86_64-apple-darwin-gfortran -qversion >&5
x86_64-apple-darwin-gfortran: unrecognized option '-qversion'
x86_64-apple-darwin-gfortran: no input files
configure:4974: $? = 1
configure:4983: checking whether we are using the GNU Fortran compiler
configure:4996: x86_64-apple-darwin-gfortran -c   conftest.F >&5
configure:4996: $? = 0
configure:5005: result: yes
configure:5011: checking whether x86_64-apple-darwin-gfortran accepts -g
configure:5022: x86_64-apple-darwin-gfortran -c -g  conftest.f >&5
configure:5022: $? = 0
configure:5030: result: yes
configure:5074: checking for x86_64-apple-darwin-xlf
configure:5104: result: no
configure:5074: checking for x86_64-apple-darwin-fort
configure:5104: result: no
configure:5074: checking for x86_64-apple-darwin-xlf95
configure:5104: result: no
configure:5074: checking for x86_64-apple-darwin-ifort
configure:5104: result: no
configure:5074: checking for x86_64-apple-darwin-ifc
configure:5104: result: no
configure:5074: checking for x86_64-apple-darwin-efc
configure:5104: result: no
configure:5074: checking for x86_64-apple-darwin-pgf77
configure:5104: result: no
configure:5074: checking for x86_64-apple-darwin-lf95
configure:5104: result: no
configure:5074: checking for x86_64-apple-darwin-g95
configure:5104: result: no
configure:5074: checking for x86_64-apple-darwin-gfortran
configure:5090: found /usr/local/bin/x86_64-apple-darwin-gfortran
configure:5101: result: x86_64-apple-darwin-gfortran
configure:5171: checking for Fortran 77 compiler version
configure:5180: x86_64-apple-darwin-gfortran --version >&5
GNU Fortran (GCC) 4.3.4
Copyright (C) 2008 Free Software Foundation, Inc.

GNU Fortran comes with NO WARRANTY, to the extent permitted by law.
You may redistribute copies of GNU Fortran
under the terms of the GNU General Public License.
For more information about these matters, see the file named COPYING

configure:5191: $? = 0
configure:5180: x86_64-apple-darwin-gfortran -v >&5
Using built-in specs.
Target: x86_64-apple-darwin
Configured with: ../gcc_4_3_4_release/configure --enable-languages=c,fortran --target=x86_64-apple-darwin -build=x86_64-apple-darwin --host=x86_64-apple-darwin
Thread model: posix
gcc version 4.3.4 (GCC) 
configure:5191: $? = 0
configure:5180: x86_64-apple-darwin-gfortran -V >&5
x86_64-apple-darwin-gfortran: '-V' option must have argument
configure:5191: $? = 1
configure:5180: x86_64-apple-darwin-gfortran -qversion >&5
x86_64-apple-darwin-gfortran: unrecognized option '-qversion'
x86_64-apple-darwin-gfortran: no input files
configure:5191: $? = 1
configure:5200: checking whether we are using the GNU Fortran 77 compiler
configure:5213: x86_64-apple-darwin-gfortran -c  conftest.F >&5
configure:5213: $? = 0
configure:5222: result: yes
configure:5228: checking whether x86_64-apple-darwin-gfortran accepts -g
configure:5239: x86_64-apple-darwin-gfortran -c -g conftest.f >&5
configure:5239: $? = 0
configure:5247: result: yes
configure:5465: finding other utilities
configure:5470: setting up libtool
configure:5825: checking how to print strings
configure:5852: result: printf
configure:5873: checking for a sed that does not truncate output
configure:5937: result: /usr/bin/sed
configure:5955: checking for grep that handles long lines and -e
configure:6013: result: /usr/bin/grep
configure:6018: checking for egrep
configure:6080: result: /usr/bin/grep -E
configure:6085: checking for fgrep
configure:6147: result: /usr/bin/grep -F
configure:6182: checking for ld used by gcc
configure:6249: result: /usr/libexec/gcc/i686-apple-darwin10/4.2.1/ld
configure:6256: checking if the linker (/usr/libexec/gcc/i686-apple-darwin10/4.2.1/ld) is GNU ld
configure:6271: result: no
configure:6283: checking for BSD- or MS-compatible name lister (nm)
configure:6332: result: /usr/bin/nm
configure:6462: checking the name lister (/usr/bin/nm) interface
configure:6469: gcc -c -g -m64  conftest.c >&5
configure:6472: /usr/bin/nm "conftest.o"
configure:6475: output
00000000000001ec D _some_variable
configure:6482: result: BSD nm
configure:6485: checking whether ln -s works
configure:6489: result: yes
configure:6497: checking the maximum length of command line arguments
configure:6622: result: 196608
configure:6639: checking whether the shell understands some XSI constructs
configure:6649: result: yes
configure:6653: checking whether the shell understands "+="
configure:6659: result: yes
configure:6694: checking how to convert x86_64-apple-darwin file names to x86_64-apple-darwin format
configure:6734: result: func_convert_file_noop
configure:6741: checking how to convert x86_64-apple-darwin file names to toolchain format
configure:6761: result: func_convert_file_noop
configure:6768: checking for /usr/libexec/gcc/i686-apple-darwin10/4.2.1/ld option to reload object files
configure:6775: result: -r
configure:6809: checking for x86_64-apple-darwin-objdump
configure:6836: result: objdump
configure:6905: checking how to recognize dependent libraries
configure:7107: result: pass_all
configure:7152: checking for x86_64-apple-darwin-dlltool
configure:7179: result: dlltool
configure:7249: checking how to associate runtime and link libraries
configure:7276: result: printf %s\n
configure:7293: checking for x86_64-apple-darwin-ar
configure:7323: result: no
configure:7337: checking for ar
configure:7353: found /usr/bin/ar
configure:7364: result: ar
configure:7401: checking for archiver @FILE support
configure:7418: gcc -c -g -m64  conftest.c >&5
configure:7418: $? = 0
configure:7421: ar cru libconftest.a @conftest.lst >&5
ar: @conftest.lst: No such file or directory
configure:7424: $? = 1
configure:7444: result: no
configure:7462: checking for x86_64-apple-darwin-strip
configure:7492: result: no
configure:7502: checking for strip
configure:7518: found /usr/bin/strip
configure:7529: result: strip
configure:7561: checking for x86_64-apple-darwin-ranlib
configure:7591: result: no
configure:7601: checking for ranlib
configure:7617: found /usr/bin/ranlib
configure:7628: result: ranlib
configure:7730: checking command to parse /usr/bin/nm output from gcc object
configure:7849: gcc -c -g -m64  conftest.c >&5
configure:7852: $? = 0
configure:7856: /usr/bin/nm conftest.o \| sed -n -e 's/^.*[ ]\([BCDEGRST][BCDEGRST]*\)[ ][ ]*\([_A-Za-z][_A-Za-z0-9]*\)$/\1 \2 \2/p' | sed '/ __gnu_lto/d' \> conftest.nm
configure:7859: $? = 0
cannot find nm_test_var in conftest.nm
configure:7849: gcc -c -g -m64  conftest.c >&5
configure:7852: $? = 0
configure:7856: /usr/bin/nm conftest.o \| sed -n -e 's/^.*[ ]\([BCDEGRST][BCDEGRST]*\)[ ][ ]*_\([_A-Za-z][_A-Za-z0-9]*\)$/\1 _\2 \2/p' | sed '/ __gnu_lto/d' \> conftest.nm
configure:7859: $? = 0
configure:7925: gcc -o conftest -g -m64  -L/Users/jearly/Documents/Projects/Single_Layer_PV_Modeling/GLNumericalModelingKit/GLNumericalModelingKit/ExternalLibraries/hdf5-1.8.6-macosx64-static/lib -L/Users/jearly/Documents/Projects/Single_Layer_PV_Modeling/GLNumericalModelingKit/GLNumericalModelingKit/ExternalLibraries/hdf5-1.8.6-macosx64-static/lib conftest.c conftstm.o >&5
configure:7928: $? = 0
configure:7966: result: ok
configure:8003: checking for sysroot
configure:8033: result: no
configure:8236: checking for x86_64-apple-darwin-mt
configure:8266: result: no
configure:8276: checking for mt
configure:8306: result: no
configure:8326: checking if : is a manifest tool
configure:8332: : '-?'
configure:8340: result: no
configure:8356: checking for x86_64-apple-darwin-dsymutil
configure:8386: result: no
configure:8396: checking for dsymutil
configure:8412: found /usr/bin/dsymutil
configure:8423: result: dsymutil
configure:8448: checking for x86_64-apple-darwin-nmedit
configure:8478: result: no
configure:8488: checking for nmedit
configure:8504: found /usr/bin/nmedit
configure:8515: result: nmedit
configure:8540: checking for x86_64-apple-darwin-lipo
configure:8570: result: no
configure:8580: checking for lipo
configure:8596: found /usr/bin/lipo
configure:8607: result: lipo
configure:8632: checking for x86_64-apple-darwin-otool
configure:8662: result: no
configure:8672: checking for otool
configure:8688: found /usr/bin/otool
configure:8699: result: otool
configure:8724: checking for x86_64-apple-darwin-otool64
configure:8754: result: no
configure:8764: checking for otool64
configure:8794: result: no
configure:8839: checking for -single_module linker flag
gcc -g -m64 -L/Users/jearly/Documents/Projects/Single_Layer_PV_Modeling/GLNumericalModelingKit/GLNumericalModelingKit/ExternalLibraries/hdf5-1.8.6-macosx64-static/lib -L/Users/jearly/Documents/Projects/Single_Layer_PV_Modeling/GLNumericalModelingKit/GLNumericalModelingKit/ExternalLibraries/hdf5-1.8.6-macosx64-static/lib -o libconftest.dylib -dynamiclib -Wl,-single_module conftest.c
configure:8866: result: yes
configure:8868: checking for -exported_symbols_list linker flag
configure:8888: gcc -o conftest -g -m64  -L/Users/jearly/Documents/Projects/Single_Layer_PV_Modeling/GLNumericalModelingKit/GLNumericalModelingKit/ExternalLibraries/hdf5-1.8.6-macosx64-static/lib -L/Users/jearly/Documents/Projects/Single_Layer_PV_Modeling/GLNumericalModelingKit/GLNumericalModelingKit/ExternalLibraries/hdf5-1.8.6-macosx64-static/lib -Wl,-exported_symbols_list,conftest.sym conftest.c -lsz >&5
configure:8888: $? = 0
configure:8898: result: yes
configure:8900: checking for -force_load linker flag
gcc -g -m64 -c -o conftest.o conftest.c
ar cru libconftest.a conftest.o
ranlib libconftest.a
gcc -g -m64 -L/Users/jearly/Documents/Projects/Single_Layer_PV_Modeling/GLNumericalModelingKit/GLNumericalModelingKit/ExternalLibraries/hdf5-1.8.6-macosx64-static/lib -L/Users/jearly/Documents/Projects/Single_Layer_PV_Modeling/GLNumericalModelingKit/GLNumericalModelingKit/ExternalLibraries/hdf5-1.8.6-macosx64-static/lib -o conftest conftest.c -Wl,-force_load,./libconftest.a
configure:8930: result: yes
configure:8972: checking how to run the C preprocessor
configure:9003: gcc -E  conftest.c
configure:9003: $? = 0
configure:9017: gcc -E  conftest.c
conftest.c:12:28: error: ac_nonexistent.h: No such file or directory
configure:9017: $? = 1
configure: failed program was:
| /* confdefs.h */
| #define PACKAGE_NAME "libcf"
| #define PACKAGE_TARNAME "libcf"
| #define PACKAGE_VERSION "1.0-alpha5"
| #define PACKAGE_STRING "libcf 1.0-alpha5"
| #define PACKAGE_BUGREPORT "support@unidata.ucar.edu"
| #define PACKAGE_URL ""
| #define PACKAGE "libcf"
| #define VERSION "1.0-alpha5"
| #define USE_NETCDF4 1
| /* end confdefs.h.  */
| #include <ac_nonexistent.h>
configure:9042: result: gcc -E
configure:9062: gcc -E  conftest.c
configure:9062: $? = 0
configure:9076: gcc -E  conftest.c
conftest.c:12:28: error: ac_nonexistent.h: No such file or directory
configure:9076: $? = 1
configure: failed program was:
| /* confdefs.h */
| #define PACKAGE_NAME "libcf"
| #define PACKAGE_TARNAME "libcf"
| #define PACKAGE_VERSION "1.0-alpha5"
| #define PACKAGE_STRING "libcf 1.0-alpha5"
| #define PACKAGE_BUGREPORT "support@unidata.ucar.edu"
| #define PACKAGE_URL ""
| #define PACKAGE "libcf"
| #define VERSION "1.0-alpha5"
| #define USE_NETCDF4 1
| /* end confdefs.h.  */
| #include <ac_nonexistent.h>
configure:9105: checking for ANSI C header files
configure:9125: gcc -c -g -m64  conftest.c >&5
configure:9125: $? = 0
configure:9198: gcc -o conftest -g -m64  -L/Users/jearly/Documents/Projects/Single_Layer_PV_Modeling/GLNumericalModelingKit/GLNumericalModelingKit/ExternalLibraries/hdf5-1.8.6-macosx64-static/lib -L/Users/jearly/Documents/Projects/Single_Layer_PV_Modeling/GLNumericalModelingKit/GLNumericalModelingKit/ExternalLibraries/hdf5-1.8.6-macosx64-static/lib conftest.c -lsz >&5
configure:9198: $? = 0
configure:9198: ./conftest
configure:9198: $? = 0
configure:9209: result: yes
configure:9222: checking for sys/types.h
configure:9222: gcc -c -g -m64  conftest.c >&5
configure:9222: $? = 0
configure:9222: result: yes
configure:9222: checking for sys/stat.h
configure:9222: gcc -c -g -m64  conftest.c >&5
configure:9222: $? = 0
configure:9222: result: yes
configure:9222: checking for stdlib.h
configure:9222: gcc -c -g -m64  conftest.c >&5
configure:9222: $? = 0
configure:9222: result: yes
configure:9222: checking for string.h
configure:9222: gcc -c -g -m64  conftest.c >&5
configure:9222: $? = 0
configure:9222: result: yes
configure:9222: checking for memory.h
configure:9222: gcc -c -g -m64  conftest.c >&5
configure:9222: $? = 0
configure:9222: result: yes
configure:9222: checking for strings.h
configure:9222: gcc -c -g -m64  conftest.c >&5
configure:9222: $? = 0
configure:9222: result: yes
configure:9222: checking for inttypes.h
configure:9222: gcc -c -g -m64  conftest.c >&5
configure:9222: $? = 0
configure:9222: result: yes
configure:9222: checking for stdint.h
configure:9222: gcc -c -g -m64  conftest.c >&5
configure:9222: $? = 0
configure:9222: result: yes
configure:9222: checking for unistd.h
configure:9222: gcc -c -g -m64  conftest.c >&5
configure:9222: $? = 0
configure:9222: result: yes
configure:9236: checking for dlfcn.h
configure:9236: gcc -c -g -m64  conftest.c >&5
configure:9236: $? = 0
configure:9236: result: yes
configure:9402: checking for objdir
configure:9417: result: .libs
configure:9688: checking if gcc supports -fno-rtti -fno-exceptions
configure:9706: gcc -c -g -m64  -fno-rtti -fno-exceptions conftest.c >&5
cc1: warning: command line option "-fno-rtti" is valid for C++/ObjC++ but not for C
configure:9710: $? = 0
configure:9723: result: no
configure:10033: checking for gcc option to produce PIC
configure:10040: result: -fno-common -DPIC
configure:10048: checking if gcc PIC flag -fno-common -DPIC works
configure:10066: gcc -c -g -m64  -fno-common -DPIC -DPIC conftest.c >&5
configure:10070: $? = 0
configure:10083: result: yes
configure:10112: checking if gcc static flag -static works
configure:10140: result: no
configure:10155: checking if gcc supports -c -o file.o
configure:10176: gcc -c -g -m64  -o out/conftest2.o conftest.c >&5
configure:10180: $? = 0
configure:10202: result: yes
configure:10210: checking if gcc supports -c -o file.o
configure:10257: result: yes
configure:10290: checking whether the gcc linker (/usr/libexec/gcc/i686-apple-darwin10/4.2.1/ld) supports shared libraries
configure:11448: result: yes
configure:11693: checking dynamic linker characteristics
configure:12429: result: darwin dyld
configure:12536: checking how to hardcode library paths into programs
configure:12561: result: immediate
configure:13101: checking whether stripping libraries is possible
configure:13115: result: yes
configure:13141: checking if libtool supports shared libraries
configure:13143: result: yes
configure:13146: checking whether to build shared libraries
configure:13167: result: yes
configure:13170: checking whether to build static libraries
configure:13174: result: yes
configure:13299: checking if libtool supports shared libraries
configure:13301: result: yes
configure:13304: checking whether to build shared libraries
configure:13324: result: yes
configure:13327: checking whether to build static libraries
configure:13331: result: yes
configure:13635: checking for x86_64-apple-darwin-gfortran option to produce PIC
configure:13642: result: -fno-common
configure:13650: checking if x86_64-apple-darwin-gfortran PIC flag -fno-common works
configure:13668: x86_64-apple-darwin-gfortran -c -g -O2 -fno-common conftest.f >&5
configure:13672: $? = 0
configure:13685: result: yes
configure:13708: checking if x86_64-apple-darwin-gfortran static flag -static works
configure:13736: result: no
configure:13748: checking if x86_64-apple-darwin-gfortran supports -c -o file.o
configure:13769: x86_64-apple-darwin-gfortran -c -g -O2 -o out/conftest2.o conftest.f >&5
configure:13773: $? = 0
configure:13795: result: yes
configure:13800: checking if x86_64-apple-darwin-gfortran supports -c -o file.o
configure:13847: result: yes
configure:13877: checking whether the x86_64-apple-darwin-gfortran linker (/usr/libexec/gcc/i686-apple-darwin10/4.2.1/ld) supports shared libraries
configure:14985: result: yes
configure:15128: checking dynamic linker characteristics
configure:15792: result: darwin dyld
configure:15845: checking how to hardcode library paths into programs
configure:15870: result: immediate
configure:16015: checking if libtool supports shared libraries
configure:16017: result: yes
configure:16020: checking whether to build shared libraries
configure:16040: result: yes
configure:16043: checking whether to build static libraries
configure:16047: result: yes
configure:16080: x86_64-apple-darwin-gfortran -c -g -O2  conftest.f >&5
configure:16083: $? = 0
configure:16513: checking for x86_64-apple-darwin-gfortran option to produce PIC
configure:16520: result: -fno-common
configure:16528: checking if x86_64-apple-darwin-gfortran PIC flag -fno-common works
configure:16546: x86_64-apple-darwin-gfortran -c -g -O2 -fno-common  conftest.f >&5
configure:16550: $? = 0
configure:16563: result: yes
configure:16586: checking if x86_64-apple-darwin-gfortran static flag -static works
configure:16614: result: no
configure:16626: checking if x86_64-apple-darwin-gfortran supports -c -o file.o
configure:16647: x86_64-apple-darwin-gfortran -c -g -O2 -o out/conftest2.o  conftest.f >&5
configure:16651: $? = 0
configure:16673: result: yes
configure:16678: checking if x86_64-apple-darwin-gfortran supports -c -o file.o
configure:16725: result: yes
configure:16755: checking whether the x86_64-apple-darwin-gfortran linker (/usr/libexec/gcc/i686-apple-darwin10/4.2.1/ld) supports shared libraries
configure:17863: result: yes
configure:18006: checking dynamic linker characteristics
configure:18670: result: darwin dyld
configure:18723: checking how to hardcode library paths into programs
configure:18748: result: immediate
configure:18797: checking for large file support
configure:18807: checking for special C compiler options needed for large files
configure:18852: result: no
configure:18858: checking for _FILE_OFFSET_BITS value needed for large files
configure:18883: gcc -c -g -m64  conftest.c >&5
configure:18883: $? = 0
configure:18915: result: no
configure:18999: checking types, headers, and functions
configure:19002: checking for stdlib.h
configure:19002: result: yes
configure:19012: checking for sys/types.h
configure:19012: result: yes
configure:19022: checking for unistd.h
configure:19022: result: yes
configure:19028: checking for strerror
configure:19028: gcc -o conftest -g -m64  -L/Users/jearly/Documents/Projects/Single_Layer_PV_Modeling/GLNumericalModelingKit/GLNumericalModelingKit/ExternalLibraries/hdf5-1.8.6-macosx64-static/lib -L/Users/jearly/Documents/Projects/Single_Layer_PV_Modeling/GLNumericalModelingKit/GLNumericalModelingKit/ExternalLibraries/hdf5-1.8.6-macosx64-static/lib conftest.c -lsz >&5
configure:19028: $? = 0
configure:19028: result: yes
configure:19037: checking for strlcat
configure:19037: gcc -o conftest -g -m64  -L/Users/jearly/Documents/Projects/Single_Layer_PV_Modeling/GLNumericalModelingKit/GLNumericalModelingKit/ExternalLibraries/hdf5-1.8.6-macosx64-static/lib -L/Users/jearly/Documents/Projects/Single_Layer_PV_Modeling/GLNumericalModelingKit/GLNumericalModelingKit/ExternalLibraries/hdf5-1.8.6-macosx64-static/lib conftest.c -lsz >&5
configure:19037: $? = 0
configure:19037: result: yes
configure:19044: checking for size_t
configure:19044: gcc -c -g -m64  conftest.c >&5
configure:19044: $? = 0
configure:19044: gcc -c -g -m64  conftest.c >&5
conftest.c: In function 'main':
conftest.c:61: error: expected expression before ')' token
configure:19044: $? = 1
configure: failed program was:
| /* confdefs.h */
| #define PACKAGE_NAME "libcf"
| #define PACKAGE_TARNAME "libcf"
| #define PACKAGE_VERSION "1.0-alpha5"
| #define PACKAGE_STRING "libcf 1.0-alpha5"
| #define PACKAGE_BUGREPORT "support@unidata.ucar.edu"
| #define PACKAGE_URL ""
| #define PACKAGE "libcf"
| #define VERSION "1.0-alpha5"
| #define USE_NETCDF4 1
| #define STDC_HEADERS 1
| #define HAVE_SYS_TYPES_H 1
| #define HAVE_SYS_STAT_H 1
| #define HAVE_STDLIB_H 1
| #define HAVE_STRING_H 1
| #define HAVE_MEMORY_H 1
| #define HAVE_STRINGS_H 1
| #define HAVE_INTTYPES_H 1
| #define HAVE_STDINT_H 1
| #define HAVE_UNISTD_H 1
| #define HAVE_DLFCN_H 1
| #define LT_OBJDIR ".libs/"
| #define HAVE_STRLCAT 1
| /* end confdefs.h.  */
| #include <stdio.h>
| #ifdef HAVE_SYS_TYPES_H
| # include <sys/types.h>
| #endif
| #ifdef HAVE_SYS_STAT_H
| # include <sys/stat.h>
| #endif
| #ifdef STDC_HEADERS
| # include <stdlib.h>
| # include <stddef.h>
| #else
| # ifdef HAVE_STDLIB_H
| #  include <stdlib.h>
| # endif
| #endif
| #ifdef HAVE_STRING_H
| # if !defined STDC_HEADERS && defined HAVE_MEMORY_H
| #  include <memory.h>
| # endif
| # include <string.h>
| #endif
| #ifdef HAVE_STRINGS_H
| # include <strings.h>
| #endif
| #ifdef HAVE_INTTYPES_H
| # include <inttypes.h>
| #endif
| #ifdef HAVE_STDINT_H
| # include <stdint.h>
| #endif
| #ifdef HAVE_UNISTD_H
| # include <unistd.h>
| #endif
| int
| main ()
| {
| if (sizeof ((size_t)))
| 	    return 0;
|   ;
|   return 0;
| }
configure:19044: result: yes
configure:19057: checking for working alloca.h
configure:19074: gcc -o conftest -g -m64  -L/Users/jearly/Documents/Projects/Single_Layer_PV_Modeling/GLNumericalModelingKit/GLNumericalModelingKit/ExternalLibraries/hdf5-1.8.6-macosx64-static/lib -L/Users/jearly/Documents/Projects/Single_Layer_PV_Modeling/GLNumericalModelingKit/GLNumericalModelingKit/ExternalLibraries/hdf5-1.8.6-macosx64-static/lib conftest.c -lsz >&5
configure:19074: $? = 0
configure:19082: result: yes
configure:19090: checking for alloca
configure:19127: gcc -o conftest -g -m64  -L/Users/jearly/Documents/Projects/Single_Layer_PV_Modeling/GLNumericalModelingKit/GLNumericalModelingKit/ExternalLibraries/hdf5-1.8.6-macosx64-static/lib -L/Users/jearly/Documents/Projects/Single_Layer_PV_Modeling/GLNumericalModelingKit/GLNumericalModelingKit/ExternalLibraries/hdf5-1.8.6-macosx64-static/lib conftest.c -lsz >&5
configure:19127: $? = 0
configure:19135: result: yes
configure:19244: checking for struct stat.st_blksize
configure:19244: gcc -c -g -m64  conftest.c >&5
configure:19244: $? = 0
configure:19244: result: yes
configure:19257: checking for size_t
configure:19257: result: yes
configure:19268: checking for off_t
configure:19268: gcc -c -g -m64  conftest.c >&5
configure:19268: $? = 0
configure:19268: gcc -c -g -m64  conftest.c >&5
conftest.c: In function 'main':
conftest.c:65: error: expected expression before ')' token
configure:19268: $? = 1
configure: failed program was:
| /* confdefs.h */
| #define PACKAGE_NAME "libcf"
| #define PACKAGE_TARNAME "libcf"
| #define PACKAGE_VERSION "1.0-alpha5"
| #define PACKAGE_STRING "libcf 1.0-alpha5"
| #define PACKAGE_BUGREPORT "support@unidata.ucar.edu"
| #define PACKAGE_URL ""
| #define PACKAGE "libcf"
| #define VERSION "1.0-alpha5"
| #define USE_NETCDF4 1
| #define STDC_HEADERS 1
| #define HAVE_SYS_TYPES_H 1
| #define HAVE_SYS_STAT_H 1
| #define HAVE_STDLIB_H 1
| #define HAVE_STRING_H 1
| #define HAVE_MEMORY_H 1
| #define HAVE_STRINGS_H 1
| #define HAVE_INTTYPES_H 1
| #define HAVE_STDINT_H 1
| #define HAVE_UNISTD_H 1
| #define HAVE_DLFCN_H 1
| #define LT_OBJDIR ".libs/"
| #define HAVE_STRLCAT 1
| #define HAVE_ALLOCA_H 1
| #define HAVE_ALLOCA 1
| #define HAVE_STRUCT_STAT_ST_BLKSIZE 1
| #define HAVE_ST_BLKSIZE 1
| /* end confdefs.h.  */
| #include <stdio.h>
| #ifdef HAVE_SYS_TYPES_H
| # include <sys/types.h>
| #endif
| #ifdef HAVE_SYS_STAT_H
| # include <sys/stat.h>
| #endif
| #ifdef STDC_HEADERS
| # include <stdlib.h>
| # include <stddef.h>
| #else
| # ifdef HAVE_STDLIB_H
| #  include <stdlib.h>
| # endif
| #endif
| #ifdef HAVE_STRING_H
| # if !defined STDC_HEADERS && defined HAVE_MEMORY_H
| #  include <memory.h>
| # endif
| # include <string.h>
| #endif
| #ifdef HAVE_STRINGS_H
| # include <strings.h>
| #endif
| #ifdef HAVE_INTTYPES_H
| # include <inttypes.h>
| #endif
| #ifdef HAVE_STDINT_H
| # include <stdint.h>
| #endif
| #ifdef HAVE_UNISTD_H
| # include <unistd.h>
| #endif
| int
| main ()
| {
| if (sizeof ((off_t)))
| 	    return 0;
|   ;
|   return 0;
| }
configure:19268: result: yes
configure:19279: checking for ssize_t
configure:19279: gcc -c -g -m64  conftest.c >&5
configure:19279: $? = 0
configure:19279: gcc -c -g -m64  conftest.c >&5
conftest.c: In function 'main':
conftest.c:65: error: expected expression before ')' token
configure:19279: $? = 1
configure: failed program was:
| /* confdefs.h */
| #define PACKAGE_NAME "libcf"
| #define PACKAGE_TARNAME "libcf"
| #define PACKAGE_VERSION "1.0-alpha5"
| #define PACKAGE_STRING "libcf 1.0-alpha5"
| #define PACKAGE_BUGREPORT "support@unidata.ucar.edu"
| #define PACKAGE_URL ""
| #define PACKAGE "libcf"
| #define VERSION "1.0-alpha5"
| #define USE_NETCDF4 1
| #define STDC_HEADERS 1
| #define HAVE_SYS_TYPES_H 1
| #define HAVE_SYS_STAT_H 1
| #define HAVE_STDLIB_H 1
| #define HAVE_STRING_H 1
| #define HAVE_MEMORY_H 1
| #define HAVE_STRINGS_H 1
| #define HAVE_INTTYPES_H 1
| #define HAVE_STDINT_H 1
| #define HAVE_UNISTD_H 1
| #define HAVE_DLFCN_H 1
| #define LT_OBJDIR ".libs/"
| #define HAVE_STRLCAT 1
| #define HAVE_ALLOCA_H 1
| #define HAVE_ALLOCA 1
| #define HAVE_STRUCT_STAT_ST_BLKSIZE 1
| #define HAVE_ST_BLKSIZE 1
| /* end confdefs.h.  */
| #include <stdio.h>
| #ifdef HAVE_SYS_TYPES_H
| # include <sys/types.h>
| #endif
| #ifdef HAVE_SYS_STAT_H
| # include <sys/stat.h>
| #endif
| #ifdef STDC_HEADERS
| # include <stdlib.h>
| # include <stddef.h>
| #else
| # ifdef HAVE_STDLIB_H
| #  include <stdlib.h>
| # endif
| #endif
| #ifdef HAVE_STRING_H
| # if !defined STDC_HEADERS && defined HAVE_MEMORY_H
| #  include <memory.h>
| # endif
| # include <string.h>
| #endif
| #ifdef HAVE_STRINGS_H
| # include <strings.h>
| #endif
| #ifdef HAVE_INTTYPES_H
| # include <inttypes.h>
| #endif
| #ifdef HAVE_STDINT_H
| # include <stdint.h>
| #endif
| #ifdef HAVE_UNISTD_H
| # include <unistd.h>
| #endif
| int
| main ()
| {
| if (sizeof ((ssize_t)))
| 	    return 0;
|   ;
|   return 0;
| }
configure:19279: result: yes
configure:19288: checking for ptrdiff_t
configure:19288: gcc -c -g -m64  conftest.c >&5
configure:19288: $? = 0
configure:19288: gcc -c -g -m64  conftest.c >&5
conftest.c: In function 'main':
conftest.c:66: error: expected expression before ')' token
configure:19288: $? = 1
configure: failed program was:
| /* confdefs.h */
| #define PACKAGE_NAME "libcf"
| #define PACKAGE_TARNAME "libcf"
| #define PACKAGE_VERSION "1.0-alpha5"
| #define PACKAGE_STRING "libcf 1.0-alpha5"
| #define PACKAGE_BUGREPORT "support@unidata.ucar.edu"
| #define PACKAGE_URL ""
| #define PACKAGE "libcf"
| #define VERSION "1.0-alpha5"
| #define USE_NETCDF4 1
| #define STDC_HEADERS 1
| #define HAVE_SYS_TYPES_H 1
| #define HAVE_SYS_STAT_H 1
| #define HAVE_STDLIB_H 1
| #define HAVE_STRING_H 1
| #define HAVE_MEMORY_H 1
| #define HAVE_STRINGS_H 1
| #define HAVE_INTTYPES_H 1
| #define HAVE_STDINT_H 1
| #define HAVE_UNISTD_H 1
| #define HAVE_DLFCN_H 1
| #define LT_OBJDIR ".libs/"
| #define HAVE_STRLCAT 1
| #define HAVE_ALLOCA_H 1
| #define HAVE_ALLOCA 1
| #define HAVE_STRUCT_STAT_ST_BLKSIZE 1
| #define HAVE_ST_BLKSIZE 1
| #define HAVE_SSIZE_T 1
| /* end confdefs.h.  */
| #include <stdio.h>
| #ifdef HAVE_SYS_TYPES_H
| # include <sys/types.h>
| #endif
| #ifdef HAVE_SYS_STAT_H
| # include <sys/stat.h>
| #endif
| #ifdef STDC_HEADERS
| # include <stdlib.h>
| # include <stddef.h>
| #else
| # ifdef HAVE_STDLIB_H
| #  include <stdlib.h>
| # endif
| #endif
| #ifdef HAVE_STRING_H
| # if !defined STDC_HEADERS && defined HAVE_MEMORY_H
| #  include <memory.h>
| # endif
| # include <string.h>
| #endif
| #ifdef HAVE_STRINGS_H
| # include <strings.h>
| #endif
| #ifdef HAVE_INTTYPES_H
| # include <inttypes.h>
| #endif
| #ifdef HAVE_STDINT_H
| # include <stdint.h>
| #endif
| #ifdef HAVE_UNISTD_H
| # include <unistd.h>
| #endif
| int
| main ()
| {
| if (sizeof ((ptrdiff_t)))
| 	    return 0;
|   ;
|   return 0;
| }
configure:19288: result: yes
configure:19297: checking for uchar
configure:19297: gcc -c -g -m64  conftest.c >&5
conftest.c: In function 'main':
conftest.c:67: error: 'uchar' undeclared (first use in this function)
conftest.c:67: error: (Each undeclared identifier is reported only once
conftest.c:67: error: for each function it appears in.)
configure:19297: $? = 1
configure: failed program was:
| /* confdefs.h */
| #define PACKAGE_NAME "libcf"
| #define PACKAGE_TARNAME "libcf"
| #define PACKAGE_VERSION "1.0-alpha5"
| #define PACKAGE_STRING "libcf 1.0-alpha5"
| #define PACKAGE_BUGREPORT "support@unidata.ucar.edu"
| #define PACKAGE_URL ""
| #define PACKAGE "libcf"
| #define VERSION "1.0-alpha5"
| #define USE_NETCDF4 1
| #define STDC_HEADERS 1
| #define HAVE_SYS_TYPES_H 1
| #define HAVE_SYS_STAT_H 1
| #define HAVE_STDLIB_H 1
| #define HAVE_STRING_H 1
| #define HAVE_MEMORY_H 1
| #define HAVE_STRINGS_H 1
| #define HAVE_INTTYPES_H 1
| #define HAVE_STDINT_H 1
| #define HAVE_UNISTD_H 1
| #define HAVE_DLFCN_H 1
| #define LT_OBJDIR ".libs/"
| #define HAVE_STRLCAT 1
| #define HAVE_ALLOCA_H 1
| #define HAVE_ALLOCA 1
| #define HAVE_STRUCT_STAT_ST_BLKSIZE 1
| #define HAVE_ST_BLKSIZE 1
| #define HAVE_SSIZE_T 1
| #define HAVE_PTRDIFF_T 1
| /* end confdefs.h.  */
| #include <stdio.h>
| #ifdef HAVE_SYS_TYPES_H
| # include <sys/types.h>
| #endif
| #ifdef HAVE_SYS_STAT_H
| # include <sys/stat.h>
| #endif
| #ifdef STDC_HEADERS
| # include <stdlib.h>
| # include <stddef.h>
| #else
| # ifdef HAVE_STDLIB_H
| #  include <stdlib.h>
| # endif
| #endif
| #ifdef HAVE_STRING_H
| # if !defined STDC_HEADERS && defined HAVE_MEMORY_H
| #  include <memory.h>
| # endif
| # include <string.h>
| #endif
| #ifdef HAVE_STRINGS_H
| # include <strings.h>
| #endif
| #ifdef HAVE_INTTYPES_H
| # include <inttypes.h>
| #endif
| #ifdef HAVE_STDINT_H
| # include <stdint.h>
| #endif
| #ifdef HAVE_UNISTD_H
| # include <unistd.h>
| #endif
| int
| main ()
| {
| if (sizeof (uchar))
| 	 return 0;
|   ;
|   return 0;
| }
configure:19297: result: no
configure:19307: checking whether char is unsigned
configure:19325: gcc -c -g -m64  conftest.c >&5
configure:19325: $? = 0
configure:19332: result: no
configure:19339: checking whether byte ordering is bigendian
configure:19354: gcc -c -g -m64  conftest.c >&5
configure:19354: $? = 0
configure:19399: gcc -c -g -m64  conftest.c >&5
configure:19399: $? = 0
configure:19417: gcc -c -g -m64  conftest.c >&5
conftest.c: In function 'main':
conftest.c:38: error: 'not' undeclared (first use in this function)
conftest.c:38: error: (Each undeclared identifier is reported only once
conftest.c:38: error: for each function it appears in.)
conftest.c:38: error: expected ';' before 'big'
configure:19417: $? = 1
configure: failed program was:
| /* confdefs.h */
| #define PACKAGE_NAME "libcf"
| #define PACKAGE_TARNAME "libcf"
| #define PACKAGE_VERSION "1.0-alpha5"
| #define PACKAGE_STRING "libcf 1.0-alpha5"
| #define PACKAGE_BUGREPORT "support@unidata.ucar.edu"
| #define PACKAGE_URL ""
| #define PACKAGE "libcf"
| #define VERSION "1.0-alpha5"
| #define USE_NETCDF4 1
| #define STDC_HEADERS 1
| #define HAVE_SYS_TYPES_H 1
| #define HAVE_SYS_STAT_H 1
| #define HAVE_STDLIB_H 1
| #define HAVE_STRING_H 1
| #define HAVE_MEMORY_H 1
| #define HAVE_STRINGS_H 1
| #define HAVE_INTTYPES_H 1
| #define HAVE_STDINT_H 1
| #define HAVE_UNISTD_H 1
| #define HAVE_DLFCN_H 1
| #define LT_OBJDIR ".libs/"
| #define HAVE_STRLCAT 1
| #define HAVE_ALLOCA_H 1
| #define HAVE_ALLOCA 1
| #define HAVE_STRUCT_STAT_ST_BLKSIZE 1
| #define HAVE_ST_BLKSIZE 1
| #define HAVE_SSIZE_T 1
| #define HAVE_PTRDIFF_T 1
| /* end confdefs.h.  */
| #include <sys/types.h>
| 		#include <sys/param.h>
| 
| int
| main ()
| {
| #if BYTE_ORDER != BIG_ENDIAN
| 		 not big endian
| 		#endif
| 
|   ;
|   return 0;
| }
configure:19545: result: no
configure:19567: checking size of short
configure:19572: gcc -o conftest -g -m64  -L/Users/jearly/Documents/Projects/Single_Layer_PV_Modeling/GLNumericalModelingKit/GLNumericalModelingKit/ExternalLibraries/hdf5-1.8.6-macosx64-static/lib -L/Users/jearly/Documents/Projects/Single_Layer_PV_Modeling/GLNumericalModelingKit/GLNumericalModelingKit/ExternalLibraries/hdf5-1.8.6-macosx64-static/lib conftest.c -lsz >&5
configure:19572: $? = 0
configure:19572: ./conftest
configure:19572: $? = 0
configure:19586: result: 2
configure:19600: checking size of int
configure:19605: gcc -o conftest -g -m64  -L/Users/jearly/Documents/Projects/Single_Layer_PV_Modeling/GLNumericalModelingKit/GLNumericalModelingKit/ExternalLibraries/hdf5-1.8.6-macosx64-static/lib -L/Users/jearly/Documents/Projects/Single_Layer_PV_Modeling/GLNumericalModelingKit/GLNumericalModelingKit/ExternalLibraries/hdf5-1.8.6-macosx64-static/lib conftest.c -lsz >&5
configure:19605: $? = 0
configure:19605: ./conftest
configure:19605: $? = 0
configure:19619: result: 4
configure:19633: checking size of long
configure:19638: gcc -o conftest -g -m64  -L/Users/jearly/Documents/Projects/Single_Layer_PV_Modeling/GLNumericalModelingKit/GLNumericalModelingKit/ExternalLibraries/hdf5-1.8.6-macosx64-static/lib -L/Users/jearly/Documents/Projects/Single_Layer_PV_Modeling/GLNumericalModelingKit/GLNumericalModelingKit/ExternalLibraries/hdf5-1.8.6-macosx64-static/lib conftest.c -lsz >&5
configure:19638: $? = 0
configure:19638: ./conftest
configure:19638: $? = 0
configure:19652: result: 8
configure:19666: checking size of float
configure:19671: gcc -o conftest -g -m64  -L/Users/jearly/Documents/Projects/Single_Layer_PV_Modeling/GLNumericalModelingKit/GLNumericalModelingKit/ExternalLibraries/hdf5-1.8.6-macosx64-static/lib -L/Users/jearly/Documents/Projects/Single_Layer_PV_Modeling/GLNumericalModelingKit/GLNumericalModelingKit/ExternalLibraries/hdf5-1.8.6-macosx64-static/lib conftest.c -lsz >&5
configure:19671: $? = 0
configure:19671: ./conftest
configure:19671: $? = 0
configure:19685: result: 4
configure:19699: checking size of double
configure:19704: gcc -o conftest -g -m64  -L/Users/jearly/Documents/Projects/Single_Layer_PV_Modeling/GLNumericalModelingKit/GLNumericalModelingKit/ExternalLibraries/hdf5-1.8.6-macosx64-static/lib -L/Users/jearly/Documents/Projects/Single_Layer_PV_Modeling/GLNumericalModelingKit/GLNumericalModelingKit/ExternalLibraries/hdf5-1.8.6-macosx64-static/lib conftest.c -lsz >&5
configure:19704: $? = 0
configure:19704: ./conftest
configure:19704: $? = 0
configure:19718: result: 8
configure:19732: checking size of off_t
configure:19737: gcc -o conftest -g -m64  -L/Users/jearly/Documents/Projects/Single_Layer_PV_Modeling/GLNumericalModelingKit/GLNumericalModelingKit/ExternalLibraries/hdf5-1.8.6-macosx64-static/lib -L/Users/jearly/Documents/Projects/Single_Layer_PV_Modeling/GLNumericalModelingKit/GLNumericalModelingKit/ExternalLibraries/hdf5-1.8.6-macosx64-static/lib conftest.c -lsz >&5
configure:19737: $? = 0
configure:19737: ./conftest
configure:19737: $? = 0
configure:19751: result: 8
configure:19765: checking size of size_t
configure:19770: gcc -o conftest -g -m64  -L/Users/jearly/Documents/Projects/Single_Layer_PV_Modeling/GLNumericalModelingKit/GLNumericalModelingKit/ExternalLibraries/hdf5-1.8.6-macosx64-static/lib -L/Users/jearly/Documents/Projects/Single_Layer_PV_Modeling/GLNumericalModelingKit/GLNumericalModelingKit/ExternalLibraries/hdf5-1.8.6-macosx64-static/lib conftest.c -lsz >&5
configure:19770: $? = 0
configure:19770: ./conftest
configure:19770: $? = 0
configure:19784: result: 8
configure:19795: checking for library containing floor
configure:19826: gcc -o conftest -g -m64  -L/Users/jearly/Documents/Projects/Single_Layer_PV_Modeling/GLNumericalModelingKit/GLNumericalModelingKit/ExternalLibraries/hdf5-1.8.6-macosx64-static/lib -L/Users/jearly/Documents/Projects/Single_Layer_PV_Modeling/GLNumericalModelingKit/GLNumericalModelingKit/ExternalLibraries/hdf5-1.8.6-macosx64-static/lib conftest.c -lsz >&5
conftest.c:45: warning: conflicting types for built-in function 'floor'
configure:19826: $? = 0
configure:19843: result: none required
configure:19852: generating header files and makefiles
configure:20126: creating ./config.status

## ---------------------- ##
## Running config.status. ##
## ---------------------- ##

This file was extended by libcf config.status 1.0-alpha5, which was
generated by GNU Autoconf 2.68.  Invocation command line was

  CONFIG_FILES    = 
  CONFIG_HEADERS  = 
  CONFIG_LINKS    = 
  CONFIG_COMMANDS = 
  $ ./config.status 

on cartan.nwra.com

config.status:1280: creating gridspec/tools/make_hgrid/run_tests
config.status:1280: creating gridspec/tools/make_vgrid/run_tests
config.status:1280: creating gridspec/tools/make_topog/run_tests
config.status:1280: creating Makefile
config.status:1280: creating doc/Makefile
config.status:1280: creating cfcheck/Makefile
config.status:1280: creating src/Makefile
config.status:1280: creating config.h
config.status:1461: config.h is unchanged
config.status:1280: creating nfconfig.inc
config.status:1509: executing depfiles commands
config.status:1509: executing libtool commands

## ---------------- ##
## Cache variables. ##
## ---------------- ##

ac_cv_build=x86_64-apple-darwin
ac_cv_c_bigendian=no
ac_cv_c_char_unsigned=no
ac_cv_c_compiler_gnu=yes
ac_cv_env_CC_set=set
ac_cv_env_CC_value=gcc
ac_cv_env_CFLAGS_set=set
ac_cv_env_CFLAGS_value='-g -m64'
ac_cv_env_CPPFLAGS_set=
ac_cv_env_CPPFLAGS_value=
ac_cv_env_CPP_set=
ac_cv_env_CPP_value=
ac_cv_env_F77_set=
ac_cv_env_F77_value=
ac_cv_env_FCFLAGS_set=
ac_cv_env_FCFLAGS_value=
ac_cv_env_FC_set=
ac_cv_env_FC_value=
ac_cv_env_FFLAGS_set=
ac_cv_env_FFLAGS_value=
ac_cv_env_LDFLAGS_set=set
ac_cv_env_LDFLAGS_value=-L/Users/jearly/Documents/Projects/Single_Layer_PV_Modeling/GLNumericalModelingKit/GLNumericalModelingKit/ExternalLibraries/hdf5-1.8.6-macosx64-static/lib
ac_cv_env_LIBS_set=set
ac_cv_env_LIBS_value=-lsz
ac_cv_env_build_alias_set=set
ac_cv_env_build_alias_value=x86_64-apple-darwin
ac_cv_env_host_alias_set=set
ac_cv_env_host_alias_value=x86_64-apple-darwin
ac_cv_env_target_alias_set=set
ac_cv_env_target_alias_value=x86_64-apple-darwin
ac_cv_f77_compiler_gnu=yes
ac_cv_fc_compiler_gnu=yes
ac_cv_func_alloca_works=yes
ac_cv_func_strerror=yes
ac_cv_func_strlcat=yes
ac_cv_header_dlfcn_h=yes
ac_cv_header_inttypes_h=yes
ac_cv_header_memory_h=yes
ac_cv_header_stdc=yes
ac_cv_header_stdint_h=yes
ac_cv_header_stdlib_h=yes
ac_cv_header_string_h=yes
ac_cv_header_strings_h=yes
ac_cv_header_sys_stat_h=yes
ac_cv_header_sys_types_h=yes
ac_cv_header_unistd_h=yes
ac_cv_host=x86_64-apple-darwin
ac_cv_member_struct_stat_st_blksize=yes
ac_cv_objext=o
ac_cv_path_EGREP='/usr/bin/grep -E'
ac_cv_path_FGREP='/usr/bin/grep -F'
ac_cv_path_GREP=/usr/bin/grep
ac_cv_path_SED=/usr/bin/sed
ac_cv_path_install='/usr/bin/install -c'
ac_cv_prog_AWK=awk
ac_cv_prog_CC=gcc
ac_cv_prog_CPP='gcc -E'
ac_cv_prog_DLLTOOL=dlltool
ac_cv_prog_F77=x86_64-apple-darwin-gfortran
ac_cv_prog_FC=x86_64-apple-darwin-gfortran
ac_cv_prog_OBJDUMP=objdump
ac_cv_prog_ac_ct_AR=ar
ac_cv_prog_ac_ct_DSYMUTIL=dsymutil
ac_cv_prog_ac_ct_LIPO=lipo
ac_cv_prog_ac_ct_NMEDIT=nmedit
ac_cv_prog_ac_ct_OTOOL=otool
ac_cv_prog_ac_ct_RANLIB=ranlib
ac_cv_prog_ac_ct_STRIP=strip
ac_cv_prog_cc_c89=
ac_cv_prog_cc_g=yes
ac_cv_prog_cc_gcc_c_o=yes
ac_cv_prog_f77_g=yes
ac_cv_prog_f90_uppercase_mod=no
ac_cv_prog_fc_g=yes
ac_cv_prog_make_make_set=yes
ac_cv_search_floor='none required'
ac_cv_sizeof_double=8
ac_cv_sizeof_float=4
ac_cv_sizeof_int=4
ac_cv_sizeof_long=8
ac_cv_sizeof_off_t=8
ac_cv_sizeof_short=2
ac_cv_sizeof_size_t=8
ac_cv_sys_file_offset_bits=no
ac_cv_sys_largefile_CC=no
ac_cv_type_off_t=yes
ac_cv_type_ptrdiff_t=yes
ac_cv_type_size_t=yes
ac_cv_type_ssize_t=yes
ac_cv_type_uchar=no
ac_cv_working_alloca_h=yes
am_cv_CC_dependencies_compiler_type=gcc3
lt_cv_apple_cc_single_mod=yes
lt_cv_ar_at_file=no
lt_cv_deplibs_check_method=pass_all
lt_cv_file_magic_cmd='$MAGIC_CMD'
lt_cv_file_magic_test_file=
lt_cv_ld_exported_symbols_list=yes
lt_cv_ld_force_load=yes
lt_cv_ld_reload_flag=-r
lt_cv_nm_interface='BSD nm'
lt_cv_objdir=.libs
lt_cv_path_LD=/usr/libexec/gcc/i686-apple-darwin10/4.2.1/ld
lt_cv_path_NM=/usr/bin/nm
lt_cv_path_mainfest_tool=no
lt_cv_prog_compiler_c_o=yes
lt_cv_prog_compiler_c_o_F77=yes
lt_cv_prog_compiler_c_o_FC=yes
lt_cv_prog_compiler_pic='-fno-common -DPIC'
lt_cv_prog_compiler_pic_F77=-fno-common
lt_cv_prog_compiler_pic_FC=-fno-common
lt_cv_prog_compiler_pic_works=yes
lt_cv_prog_compiler_pic_works_F77=yes
lt_cv_prog_compiler_pic_works_FC=yes
lt_cv_prog_compiler_rtti_exceptions=no
lt_cv_prog_compiler_static_works=no
lt_cv_prog_compiler_static_works_F77=no
lt_cv_prog_compiler_static_works_FC=no
lt_cv_prog_gnu_ld=no
lt_cv_sharedlib_from_linklib_cmd='printf %s\n'
lt_cv_sys_global_symbol_pipe='sed -n -e '\''s/^.*[	 ]\([BCDEGRST][BCDEGRST]*\)[	 ][	 ]*_\([_A-Za-z][_A-Za-z0-9]*\)$/\1 _\2 \2/p'\'' | sed '\''/ __gnu_lto/d'\'''
lt_cv_sys_global_symbol_to_c_name_address='sed -n -e '\''s/^: \([^ ]*\)[ ]*$/  {\"\1\", (void *) 0},/p'\'' -e '\''s/^[BCDEGRST]* \([^ ]*\) \([^ ]*\)$/  {"\2", (void *) \&\2},/p'\'''
lt_cv_sys_global_symbol_to_c_name_address_lib_prefix='sed -n -e '\''s/^: \([^ ]*\)[ ]*$/  {\"\1\", (void *) 0},/p'\'' -e '\''s/^[BCDEGRST]* \([^ ]*\) \(lib[^ ]*\)$/  {"\2", (void *) \&\2},/p'\'' -e '\''s/^[BCDEGRST]* \([^ ]*\) \([^ ]*\)$/  {"lib\2", (void *) \&\2},/p'\'''
lt_cv_sys_global_symbol_to_cdecl='sed -n -e '\''s/^T .* \(.*\)$/extern int \1();/p'\'' -e '\''s/^[BCDEGRST]* .* \(.*\)$/extern char \1;/p'\'''
lt_cv_sys_max_cmd_len=196608
lt_cv_to_host_file_cmd=func_convert_file_noop
lt_cv_to_tool_file_cmd=func_convert_file_noop

## ----------------- ##
## Output variables. ##
## ----------------- ##

ACLOCAL='${SHELL} /Users/jearly/Documents/Projects/Single_Layer_PV_Modeling/GLNumericalModelingKit/GLNumericalModelingKit/ExternalLibraries/netcdf-4.1.2/libcf/missing --run aclocal-1.11'
ALLOCA=''
AMDEPBACKSLASH='\'
AMDEP_FALSE='#'
AMDEP_TRUE=''
AMTAR='${SHELL} /Users/jearly/Documents/Projects/Single_Layer_PV_Modeling/GLNumericalModelingKit/GLNumericalModelingKit/ExternalLibraries/netcdf-4.1.2/libcf/missing --run tar'
AR='ar'
AS='as'
AUTOCONF='${SHELL} /Users/jearly/Documents/Projects/Single_Layer_PV_Modeling/GLNumericalModelingKit/GLNumericalModelingKit/ExternalLibraries/netcdf-4.1.2/libcf/missing --run autoconf'
AUTOHEADER='${SHELL} /Users/jearly/Documents/Projects/Single_Layer_PV_Modeling/GLNumericalModelingKit/GLNumericalModelingKit/ExternalLibraries/netcdf-4.1.2/libcf/missing --run autoheader'
AUTOMAKE='${SHELL} /Users/jearly/Documents/Projects/Single_Layer_PV_Modeling/GLNumericalModelingKit/GLNumericalModelingKit/ExternalLibraries/netcdf-4.1.2/libcf/missing --run automake-1.11'
AWK='awk'
BUILD_CFCHECK_FALSE='#'
BUILD_CFCHECK_TRUE=''
BUILD_DOCS_FALSE=''
BUILD_DOCS_TRUE='#'
BUILD_F90_FALSE=''
BUILD_F90_TRUE='#'
BUILD_GRIDSPEC_FALSE=''
BUILD_GRIDSPEC_FILE_TESTS_FALSE=''
BUILD_GRIDSPEC_FILE_TESTS_TRUE='#'
BUILD_GRIDSPEC_TRUE='#'
CC='gcc'
CCDEPMODE='depmode=gcc3'
CFLAGS='-g -m64'
CPP='gcc -E'
CPPFLAGS=''
CYGPATH_W='echo'
DEFS='-DHAVE_CONFIG_H'
DEPDIR='.deps'
DLLTOOL='dlltool'
DSYMUTIL='dsymutil'
DUMPBIN=''
ECHO_C='\c'
ECHO_N=''
ECHO_T=''
EGREP='/usr/bin/grep -E'
EXEEXT=''
EXTERN_CFLAGS=' -I/Users/jearly/Documents/Projects/Single_Layer_PV_Modeling/GLNumericalModelingKit/GLNumericalModelingKit/ExternalLibraries/hdf5-1.8.6-macosx64-static/include -I/Users/jearly/Documents/Projects/Single_Layer_PV_Modeling/GLNumericalModelingKit/GLNumericalModelingKit/ExternalLibraries/hdf5-1.8.6-macosx64-static/include -I/Users/jearly/Documents/Projects/Single_Layer_PV_Modeling/GLNumericalModelingKit/GLNumericalModelingKit/ExternalLibraries/hdf5-1.8.6-macosx64-static/include'
EXTERN_CPPFLAGS=' -I/Users/jearly/Documents/Projects/Single_Layer_PV_Modeling/GLNumericalModelingKit/GLNumericalModelingKit/ExternalLibraries/hdf5-1.8.6-macosx64-static/include -I/Users/jearly/Documents/Projects/Single_Layer_PV_Modeling/GLNumericalModelingKit/GLNumericalModelingKit/ExternalLibraries/hdf5-1.8.6-macosx64-static/include -I/Users/jearly/Documents/Projects/Single_Layer_PV_Modeling/GLNumericalModelingKit/GLNumericalModelingKit/ExternalLibraries/hdf5-1.8.6-macosx64-static/include'
EXTERN_LDFLAGS=' -L/Users/jearly/Documents/Projects/Single_Layer_PV_Modeling/GLNumericalModelingKit/GLNumericalModelingKit/ExternalLibraries/hdf5-1.8.6-macosx64-static/lib -lhdf5_hl -lhdf5 -L/Users/jearly/Documents/Projects/Single_Layer_PV_Modeling/GLNumericalModelingKit/GLNumericalModelingKit/ExternalLibraries/hdf5-1.8.6-macosx64-static/lib -lz -L/Users/jearly/Documents/Projects/Single_Layer_PV_Modeling/GLNumericalModelingKit/GLNumericalModelingKit/ExternalLibraries/hdf5-1.8.6-macosx64-static/lib -lsz'
EXTRA_DATA_TESTS_FALSE=''
EXTRA_DATA_TESTS_TRUE='#'
F77='x86_64-apple-darwin-gfortran'
FC='x86_64-apple-darwin-gfortran'
FCFLAGS='-g -O2'
FCFLAGS_f90=''
FFLAGS='-g -O2'
FGREP='/usr/bin/grep -F'
GREP='/usr/bin/grep'
HDF4DIR=''
HDF5DIR='/Users/jearly/Documents/Projects/Single_Layer_PV_Modeling/GLNumericalModelingKit/GLNumericalModelingKit/ExternalLibraries/hdf5-1.8.6-macosx64-static'
INSTALL_DATA='${INSTALL} -m 644'
INSTALL_PROGRAM='${INSTALL}'
INSTALL_SCRIPT='${INSTALL}'
INSTALL_STRIP_PROGRAM='$(install_sh) -c -s'
LD='/usr/libexec/gcc/i686-apple-darwin10/4.2.1/ld'
LDFLAGS='-L/Users/jearly/Documents/Projects/Single_Layer_PV_Modeling/GLNumericalModelingKit/GLNumericalModelingKit/ExternalLibraries/hdf5-1.8.6-macosx64-static/lib -L/Users/jearly/Documents/Projects/Single_Layer_PV_Modeling/GLNumericalModelingKit/GLNumericalModelingKit/ExternalLibraries/hdf5-1.8.6-macosx64-static/lib'
LIBOBJS=''
LIBS='-lsz'
LIBTOOL='$(SHELL) $(top_builddir)/libtool'
LIPO='lipo'
LN_S='ln -s'
LTLIBOBJS=''
MAKEINFO='${SHELL} /Users/jearly/Documents/Projects/Single_Layer_PV_Modeling/GLNumericalModelingKit/GLNumericalModelingKit/ExternalLibraries/netcdf-4.1.2/libcf/missing --run makeinfo'
MANIFEST_TOOL=':'
MKDIR_P='./install-sh -c -d'
MOD_FLAG=''
NCDUMPDIR='../../../../ncdump'
NETCDFDIR=''
NM='/usr/bin/nm'
NMEDIT='nmedit'
OBJDUMP='objdump'
OBJEXT='o'
OTOOL64=':'
OTOOL='otool'
PACKAGE='libcf'
PACKAGE_BUGREPORT='support@unidata.ucar.edu'
PACKAGE_NAME='libcf'
PACKAGE_STRING='libcf 1.0-alpha5'
PACKAGE_TARNAME='libcf'
PACKAGE_URL=''
PACKAGE_VERSION='1.0-alpha5'
PATH_SEPARATOR=':'
RANLIB='ranlib'
SED='/usr/bin/sed'
SET_MAKE=''
SHELL='/bin/sh'
STRIP='strip'
SZLIBDIR='/Users/jearly/Documents/Projects/Single_Layer_PV_Modeling/GLNumericalModelingKit/GLNumericalModelingKit/ExternalLibraries/hdf5-1.8.6-macosx64-static'
UPPER_CASE_MOD_FALSE=''
UPPER_CASE_MOD_TRUE='#'
USE_HDF4_DIR_FALSE=''
USE_HDF4_DIR_TRUE='#'
USE_HDF4_FALSE=''
USE_HDF4_TRUE='#'
USE_HDF5_DIR_FALSE='#'
USE_HDF5_DIR_TRUE=''
USE_NETCDF4_FALSE='#'
USE_NETCDF4_TRUE=''
USE_NETCDF_DIR_FALSE=''
USE_NETCDF_DIR_TRUE='#'
USE_SZLIB_DIR_FALSE='#'
USE_SZLIB_DIR_TRUE=''
USE_ZLIB_DIR_FALSE='#'
USE_ZLIB_DIR_TRUE=''
VERSION='1.0-alpha5'
ZLIBDIR='/Users/jearly/Documents/Projects/Single_Layer_PV_Modeling/GLNumericalModelingKit/GLNumericalModelingKit/ExternalLibraries/hdf5-1.8.6-macosx64-static'
ac_ct_AR='ar'
ac_ct_CC=''
ac_ct_DUMPBIN=''
ac_ct_F77=''
ac_ct_FC=''
am__EXEEXT_FALSE=''
am__EXEEXT_TRUE='#'
am__fastdepCC_FALSE='#'
am__fastdepCC_TRUE=''
am__include='include'
am__isrc=''
am__leading_dot='.'
am__quote=''
am__tar='${AMTAR} chof - "$$tardir"'
am__untar='${AMTAR} xf -'
bindir='${exec_prefix}/bin'
build='x86_64-apple-darwin'
build_alias='x86_64-apple-darwin'
build_cpu='x86_64'
build_os='darwin'
build_vendor='apple'
datadir='${datarootdir}'
datarootdir='${prefix}/share'
docdir='${datarootdir}/doc/${PACKAGE_TARNAME}'
dvidir='${docdir}'
exec_prefix='${prefix}'
host='x86_64-apple-darwin'
host_alias='x86_64-apple-darwin'
host_cpu='x86_64'
host_os='darwin'
host_vendor='apple'
htmldir='${docdir}'
includedir='${prefix}/include'
infodir='${datarootdir}/info'
install_sh='${SHELL} /Users/jearly/Documents/Projects/Single_Layer_PV_Modeling/GLNumericalModelingKit/GLNumericalModelingKit/ExternalLibraries/netcdf-4.1.2/libcf/install-sh'
libdir='${exec_prefix}/lib'
libexecdir='${exec_prefix}/libexec'
localedir='${datarootdir}/locale'
localstatedir='${prefix}/var'
mandir='${datarootdir}/man'
mkdir_p='$(top_builddir)/./install-sh -c -d'
oldincludedir='/usr/include'
pdfdir='${docdir}'
prefix='/usr/local'
program_transform_name='s,x,x,'
psdir='${docdir}'
sbindir='${exec_prefix}/sbin'
sharedstatedir='${prefix}/com'
sysconfdir='${prefix}/etc'
target_alias='x86_64-apple-darwin'

## ----------- ##
## confdefs.h. ##
## ----------- ##

/* confdefs.h */
#define PACKAGE_NAME "libcf"
#define PACKAGE_TARNAME "libcf"
#define PACKAGE_VERSION "1.0-alpha5"
#define PACKAGE_STRING "libcf 1.0-alpha5"
#define PACKAGE_BUGREPORT "support@unidata.ucar.edu"
#define PACKAGE_URL ""
#define PACKAGE "libcf"
#define VERSION "1.0-alpha5"
#define USE_NETCDF4 1
#define STDC_HEADERS 1
#define HAVE_SYS_TYPES_H 1
#define HAVE_SYS_STAT_H 1
#define HAVE_STDLIB_H 1
#define HAVE_STRING_H 1
#define HAVE_MEMORY_H 1
#define HAVE_STRINGS_H 1
#define HAVE_INTTYPES_H 1
#define HAVE_STDINT_H 1
#define HAVE_UNISTD_H 1
#define HAVE_DLFCN_H 1
#define LT_OBJDIR ".libs/"
#define HAVE_STRLCAT 1
#define HAVE_ALLOCA_H 1
#define HAVE_ALLOCA 1
#define HAVE_STRUCT_STAT_ST_BLKSIZE 1
#define HAVE_ST_BLKSIZE 1
#define HAVE_SSIZE_T 1
#define HAVE_PTRDIFF_T 1
#define SIZEOF_SHORT 2
#define SIZEOF_INT 4
#define SIZEOF_LONG 8
#define SIZEOF_FLOAT 4
#define SIZEOF_DOUBLE 8
#define SIZEOF_OFF_T 8
#define SIZEOF_SIZE_T 8

configure: exit 0
